{
  "RSpec": {
    "coverage": {
      "/Users/zarchary2/mystuff/RailsClass/app/ticketee/app/models/user.rb": [
        1,
        null,
        null,
        null,
        1,
        null,
        null,
        null,
        null,
        1,
        null,
        null
      ],
      "/Users/zarchary2/mystuff/RailsClass/app/ticketee/app/controllers/application_controller.rb": [
        1,
        1,
        null
      ],
      "/Users/zarchary2/mystuff/RailsClass/app/ticketee/app/helpers/application_helper.rb": [
        1,
        null,
        1,
        0,
        0,
        0,
        null,
        null,
        null,
        null,
        null
      ],
      "/Users/zarchary2/mystuff/RailsClass/app/ticketee/app/helpers/projects_helper.rb": [
        1,
        null
      ],
      "/Users/zarchary2/mystuff/RailsClass/app/ticketee/app/helpers/tickets_helper.rb": [
        1,
        null
      ],
      "/Users/zarchary2/mystuff/RailsClass/app/ticketee/app/controllers/projects_controller.rb": [
        null,
        null,
        null,
        null,
        null,
        null,
        null,
        null,
        null,
        null,
        null,
        null,
        null,
        null,
        null,
        null,
        null,
        null,
        null,
        null,
        null,
        null,
        null,
        null,
        null,
        null,
        null,
        null,
        null,
        null,
        null,
        null,
        null,
        null,
        null,
        null,
        null,
        null,
        null,
        null,
        null,
        null,
        null,
        null,
        null,
        null,
        null,
        null,
        null,
        null,
        null,
        null,
        null,
        null,
        null,
        null,
        null,
        null,
        null,
        null,
        null,
        null,
        null,
        null,
        null,
        null,
        null,
        null,
        null,
        null
      ]
    },
    "timestamp": 1367809485
  }
}
