{
  "RSpec": {
    "coverage": {
      "/Users/zarchary2/mystuff/RailsClass/app/ticketee/app/models/user.rb": [
        1,
        null,
        null,
        null,
        1,
        null,
        null,
        null,
        null,
        1,
        1,
        null,
        null,
        1,
        null,
        1,
        41,
        null,
        null
      ],
      "/Users/zarchary2/mystuff/RailsClass/app/ticketee/app/controllers/application_controller.rb": [
        1,
        1,
        null,
        1,
        null,
        1,
        80,
        80,
        6,
        6,
        null,
        null,
        null
      ],
      "/Users/zarchary2/mystuff/RailsClass/app/ticketee/app/helpers/application_helper.rb": [
        1,
        null,
        1,
        300,
        null,
        null,
        1,
        30,
        30,
        30,
        null,
        null,
        null,
        null,
        1,
        62,
        null,
        null,
        null
      ],
      "/Users/zarchary2/mystuff/RailsClass/app/ticketee/app/helpers/admin/permissions_helper.rb": [
        1,
        1,
        null,
        null,
        null,
        null,
        null,
        16,
        null,
        null,
        null
      ],
      "/Users/zarchary2/mystuff/RailsClass/app/ticketee/app/helpers/admin/users_helper.rb": [
        1,
        null
      ],
      "/Users/zarchary2/mystuff/RailsClass/app/ticketee/app/helpers/files_helper.rb": [
        1,
        null
      ],
      "/Users/zarchary2/mystuff/RailsClass/app/ticketee/app/helpers/projects_helper.rb": [
        1,
        null
      ],
      "/Users/zarchary2/mystuff/RailsClass/app/ticketee/app/helpers/tickets_helper.rb": [
        1,
        null
      ],
      "/Users/zarchary2/mystuff/RailsClass/app/ticketee/app/helpers/users_helper.rb": [
        1,
        null
      ],
      "/Users/zarchary2/mystuff/RailsClass/app/ticketee/app/controllers/admin/base_controller.rb": [
        1,
        1,
        null,
        1,
        null,
        null,
        null,
        null
      ],
      "/Users/zarchary2/mystuff/RailsClass/app/ticketee/app/controllers/admin/permissions_controller.rb": [
        1,
        1,
        null,
        1,
        8,
        8,
        null,
        null,
        1,
        4,
        4,
        4,
        4,
        7,
        null,
        null,
        null,
        null,
        4,
        4,
        null,
        null,
        1,
        null,
        1,
        12,
        null,
        null,
        null
      ],
      "/Users/zarchary2/mystuff/RailsClass/app/ticketee/app/models/permission.rb": [
        1,
        1,
        1,
        1,
        null
      ],
      "/Users/zarchary2/mystuff/RailsClass/app/ticketee/app/controllers/admin/users_controller.rb": [
        1,
        null,
        1,
        null,
        1,
        18,
        null,
        null,
        1,
        3,
        null,
        null,
        1,
        3,
        3,
        2,
        2,
        null,
        1,
        1,
        null,
        null,
        null,
        1,
        null,
        null,
        null,
        1,
        null,
        null,
        null,
        1,
        3,
        3,
        3,
        null,
        null,
        3,
        3,
        2,
        2,
        null,
        1,
        1,
        null,
        null,
        null,
        1,
        2,
        1,
        null,
        1,
        1,
        null,
        null,
        2,
        null,
        null,
        1,
        1,
        17,
        null,
        null
      ],
      "/Users/zarchary2/mystuff/RailsClass/app/ticketee/app/controllers/files_controller.rb": [
        1,
        1,
        null,
        1,
        0,
        0,
        null,
        0,
        null,
        null,
        1,
        2,
        2,
        1,
        null,
        null,
        1,
        1,
        null,
        null,
        null
      ],
      "/Users/zarchary2/mystuff/RailsClass/app/ticketee/app/controllers/projects_controller.rb": [
        1,
        1,
        1,
        1,
        null,
        1,
        76,
        null,
        null,
        1,
        2,
        null,
        null,
        1,
        2,
        2,
        1,
        1,
        null,
        1,
        1,
        null,
        null,
        null,
        1,
        2,
        null,
        null,
        1,
        2,
        2,
        1,
        1,
        null,
        1,
        1,
        null,
        null,
        null,
        1,
        30,
        null,
        null,
        1,
        1,
        1,
        1,
        1,
        null,
        null,
        1,
        1,
        39,
        null,
        null,
        4,
        null,
        4,
        null,
        null
      ],
      "/Users/zarchary2/mystuff/RailsClass/app/ticketee/app/models/project.rb": [
        1,
        1,
        null,
        1,
        null,
        1,
        null,
        1,
        null,
        1,
        97,
        null,
        null,
        null,
        1,
        154,
        null,
        null,
        null
      ],
      "/Users/zarchary2/mystuff/RailsClass/app/ticketee/app/controllers/registrations_controller.rb": [
        1,
        null,
        1,
        null,
        1,
        1,
        null,
        null
      ],
      "/Users/zarchary2/mystuff/RailsClass/app/ticketee/app/controllers/tickets_controller.rb": [
        1,
        null,
        1,
        1,
        1,
        1,
        1,
        1,
        null,
        1,
        5,
        5,
        null,
        null,
        1,
        4,
        4,
        4,
        2,
        2,
        null,
        2,
        2,
        null,
        null,
        null,
        1,
        null,
        null,
        null,
        1,
        null,
        null,
        null,
        1,
        3,
        2,
        2,
        null,
        1,
        1,
        null,
        null,
        null,
        1,
        2,
        2,
        2,
        null,
        null,
        1,
        1,
        39,
        null,
        1,
        1,
        null,
        null,
        1,
        27,
        null,
        null,
        1,
        11,
        2,
        2,
        null,
        null,
        null,
        1,
        8,
        2,
        2,
        null,
        null,
        null,
        1,
        3,
        1,
        1,
        null,
        null,
        null
      ],
      "/Users/zarchary2/mystuff/RailsClass/app/ticketee/app/models/ticket.rb": [
        1,
        1,
        1,
        null,
        1,
        1,
        null,
        1,
        null,
        1,
        1,
        null
      ],
      "/Users/zarchary2/mystuff/RailsClass/app/ticketee/app/controllers/users_controller.rb": [
        1,
        1,
        null,
        null
      ],
      "/Users/zarchary2/mystuff/RailsClass/app/ticketee/app/models/ability.rb": [
        1,
        1,
        null,
        1,
        78,
        109,
        null,
        40,
        null,
        null,
        null,
        null,
        null
      ],
      "/Users/zarchary2/mystuff/RailsClass/app/ticketee/app/models/asset.rb": [
        1,
        1,
        1,
        null,
        null,
        1,
        null
      ]
    },
    "timestamp": 1369014323
  }
}
